<?xml version="1.0" encoding="UTF-8"?>
<testng-results ignored="0" total="9" passed="9" failed="0" skipped="0">
  <reporter-output>
  </reporter-output>
  <suite started-at="2022-05-29T13:38:34 EEST" name="Default suite" finished-at="2022-05-29T13:39:57 EEST" duration-ms="82829">
    <groups>
      <group name="cucumber">
        <method signature="AbstractTestNGCucumberTests.runScenario(io.cucumber.testng.PickleWrapper,io.cucumber.testng.FeatureWrapper)[pri:0, instance:com.bddcucumberframework.runner.TestNGtestRunner@53fdffa1]" name="runScenario" class="io.cucumber.testng.AbstractTestNGCucumberTests"/>
      </group> <!-- cucumber -->
    </groups>
    <test started-at="2022-05-29T13:38:34 EEST" name="Default test" finished-at="2022-05-29T13:39:57 EEST" duration-ms="82829">
      <class name="com.bddcucumberframework.runner.TestNGtestRunner">
        <test-method is-config="true" signature="setUpClass(org.testng.ITestContext)[pri:0, instance:com.bddcucumberframework.runner.TestNGtestRunner@53fdffa1]" started-at="2022-05-29T13:38:34 EEST" name="setUpClass" finished-at="2022-05-29T13:38:35 EEST" duration-ms="431" status="PASS">
          <params>
            <param index="0">
              <value>
                <![CDATA[org.testng.TestRunner@6aa3bfc]]>
              </value>
            </param>
          </params>
          <reporter-output>
          </reporter-output>
        </test-method> <!-- setUpClass -->
        <test-method signature="runScenario(io.cucumber.testng.PickleWrapper,io.cucumber.testng.FeatureWrapper)[pri:0, instance:com.bddcucumberframework.runner.TestNGtestRunner@53fdffa1]" started-at="2022-05-29T13:38:35 EEST" name="runScenario" description="Runs Cucumber Scenarios" data-provider="scenarios" finished-at="2022-05-29T13:38:38 EEST" duration-ms="3483" status="PASS">
          <params>
            <param index="0">
              <value>
                <![CDATA["The user is on correct page Title"]]>
              </value>
            </param>
            <param index="1">
              <value>
                <![CDATA["Optional[Verify all positive and negative scenerio on home page]"]]>
              </value>
            </param>
          </params>
          <reporter-output>
          </reporter-output>
        </test-method> <!-- runScenario -->
        <test-method signature="runScenario(io.cucumber.testng.PickleWrapper,io.cucumber.testng.FeatureWrapper)[pri:0, instance:com.bddcucumberframework.runner.TestNGtestRunner@53fdffa1]" started-at="2022-05-29T13:38:38 EEST" name="runScenario" description="Runs Cucumber Scenarios" data-provider="scenarios" finished-at="2022-05-29T13:39:00 EEST" duration-ms="22334" status="PASS">
          <params>
            <param index="0">
              <value>
                <![CDATA["Verify single record delete successfully"]]>
              </value>
            </param>
            <param index="1">
              <value>
                <![CDATA["Optional[Verify all positive and negative scenerio on home page]"]]>
              </value>
            </param>
          </params>
          <reporter-output>
          </reporter-output>
        </test-method> <!-- runScenario -->
        <test-method signature="runScenario(io.cucumber.testng.PickleWrapper,io.cucumber.testng.FeatureWrapper)[pri:0, instance:com.bddcucumberframework.runner.TestNGtestRunner@53fdffa1]" started-at="2022-05-29T13:39:00 EEST" name="runScenario" description="Runs Cucumber Scenarios" data-provider="scenarios" finished-at="2022-05-29T13:39:23 EEST" duration-ms="22309" status="PASS">
          <params>
            <param index="0">
              <value>
                <![CDATA["Verify all list record deleted successfully"]]>
              </value>
            </param>
            <param index="1">
              <value>
                <![CDATA["Optional[Verify all positive and negative scenerio on home page]"]]>
              </value>
            </param>
          </params>
          <reporter-output>
          </reporter-output>
        </test-method> <!-- runScenario -->
        <test-method signature="runScenario(io.cucumber.testng.PickleWrapper,io.cucumber.testng.FeatureWrapper)[pri:0, instance:com.bddcucumberframework.runner.TestNGtestRunner@53fdffa1]" started-at="2022-05-29T13:39:23 EEST" name="runScenario" description="Runs Cucumber Scenarios" data-provider="scenarios" finished-at="2022-05-29T13:39:25 EEST" duration-ms="2654" status="PASS">
          <params>
            <param index="0">
              <value>
                <![CDATA["Verify correct counter number show as items left"]]>
              </value>
            </param>
            <param index="1">
              <value>
                <![CDATA["Optional[Verify all positive and negative scenerio on home page]"]]>
              </value>
            </param>
          </params>
          <reporter-output>
          </reporter-output>
        </test-method> <!-- runScenario -->
        <test-method signature="runScenario(io.cucumber.testng.PickleWrapper,io.cucumber.testng.FeatureWrapper)[pri:0, instance:com.bddcucumberframework.runner.TestNGtestRunner@53fdffa1]" started-at="2022-05-29T13:39:25 EEST" name="runScenario" description="Runs Cucumber Scenarios" data-provider="scenarios" finished-at="2022-05-29T13:39:28 EEST" duration-ms="2382" status="PASS">
          <params>
            <param index="0">
              <value>
                <![CDATA["Verify single record Edit successfully"]]>
              </value>
            </param>
            <param index="1">
              <value>
                <![CDATA["Optional[Verify all positive and negative scenerio on home page]"]]>
              </value>
            </param>
          </params>
          <reporter-output>
          </reporter-output>
        </test-method> <!-- runScenario -->
        <test-method signature="runScenario(io.cucumber.testng.PickleWrapper,io.cucumber.testng.FeatureWrapper)[pri:0, instance:com.bddcucumberframework.runner.TestNGtestRunner@53fdffa1]" started-at="2022-05-29T13:39:28 EEST" name="runScenario" description="Runs Cucumber Scenarios" data-provider="scenarios" finished-at="2022-05-29T13:39:50 EEST" duration-ms="22332" status="PASS">
          <params>
            <param index="0">
              <value>
                <![CDATA["Verify when user enter nothing in Text field"]]>
              </value>
            </param>
            <param index="1">
              <value>
                <![CDATA["Optional[Verify all positive and negative scenerio on home page]"]]>
              </value>
            </param>
          </params>
          <reporter-output>
          </reporter-output>
        </test-method> <!-- runScenario -->
        <test-method signature="runScenario(io.cucumber.testng.PickleWrapper,io.cucumber.testng.FeatureWrapper)[pri:0, instance:com.bddcucumberframework.runner.TestNGtestRunner@53fdffa1]" started-at="2022-05-29T13:39:50 EEST" name="runScenario" description="Runs Cucumber Scenarios" data-provider="scenarios" finished-at="2022-05-29T13:39:53 EEST" duration-ms="2427" status="PASS">
          <params>
            <param index="0">
              <value>
                <![CDATA["Verify the character limit in Text field"]]>
              </value>
            </param>
            <param index="1">
              <value>
                <![CDATA["Optional[Verify all positive and negative scenerio on home page]"]]>
              </value>
            </param>
          </params>
          <reporter-output>
          </reporter-output>
        </test-method> <!-- runScenario -->
        <test-method signature="runScenario(io.cucumber.testng.PickleWrapper,io.cucumber.testng.FeatureWrapper)[pri:0, instance:com.bddcucumberframework.runner.TestNGtestRunner@53fdffa1]" started-at="2022-05-29T13:39:53 EEST" name="runScenario" description="Runs Cucumber Scenarios" data-provider="scenarios" finished-at="2022-05-29T13:39:55 EEST" duration-ms="2208" status="PASS">
          <params>
            <param index="0">
              <value>
                <![CDATA["Verify the Text field accept different language text as input"]]>
              </value>
            </param>
            <param index="1">
              <value>
                <![CDATA["Optional[Verify all positive and negative scenerio on home page]"]]>
              </value>
            </param>
          </params>
          <reporter-output>
          </reporter-output>
        </test-method> <!-- runScenario -->
        <test-method signature="runScenario(io.cucumber.testng.PickleWrapper,io.cucumber.testng.FeatureWrapper)[pri:0, instance:com.bddcucumberframework.runner.TestNGtestRunner@53fdffa1]" started-at="2022-05-29T13:39:55 EEST" name="runScenario" description="Runs Cucumber Scenarios" data-provider="scenarios" finished-at="2022-05-29T13:39:57 EEST" duration-ms="2164" status="PASS">
          <params>
            <param index="0">
              <value>
                <![CDATA["Verify code not break when user try to enter sql injection in input field"]]>
              </value>
            </param>
            <param index="1">
              <value>
                <![CDATA["Optional[Verify all positive and negative scenerio on home page]"]]>
              </value>
            </param>
          </params>
          <reporter-output>
          </reporter-output>
        </test-method> <!-- runScenario -->
        <test-method is-config="true" signature="tearDownClass()[pri:0, instance:com.bddcucumberframework.runner.TestNGtestRunner@53fdffa1]" started-at="2022-05-29T13:39:57 EEST" name="tearDownClass" finished-at="2022-05-29T13:39:57 EEST" duration-ms="17" status="PASS">
          <reporter-output>
          </reporter-output>
        </test-method> <!-- tearDownClass -->
      </class> <!-- com.bddcucumberframework.runner.TestNGtestRunner -->
    </test> <!-- Default test -->
  </suite> <!-- Default suite -->
</testng-results>
