<?xml version="1.0" encoding="UTF-8"?>
<testng-results skipped="0" failed="0" ignored="0" total="1" passed="1">
  <reporter-output>
  </reporter-output>
  <suite name="Surefire suite" duration-ms="22386" started-at="2022-03-06T13:52:44 EET" finished-at="2022-03-06T13:53:07 EET">
    <groups>
      <group name="cucumber">
        <method signature="AbstractTestNGCucumberTests.runScenario(io.cucumber.testng.PickleWrapper,io.cucumber.testng.FeatureWrapper)[pri:0, instance:com.bddcucumberframework.runner.TestNGtestRunner@6ee52dcd]" name="runScenario" class="io.cucumber.testng.AbstractTestNGCucumberTests"/>
      </group> <!-- cucumber -->
    </groups>
    <test name="Surefire test" duration-ms="22386" started-at="2022-03-06T13:52:44 EET" finished-at="2022-03-06T13:53:07 EET">
      <class name="com.bddcucumberframework.runner.TestNGtestRunner">
        <test-method status="PASS" signature="setUpClass(org.testng.ITestContext)[pri:0, instance:com.bddcucumberframework.runner.TestNGtestRunner@6ee52dcd]" name="setUpClass" is-config="true" duration-ms="1211" started-at="2022-03-06T13:52:44 EET" finished-at="2022-03-06T13:52:45 EET">
          <params>
            <param index="0">
              <value>
                <![CDATA[org.testng.TestRunner@2cae1042]]>
              </value>
            </param>
          </params>
          <reporter-output>
          </reporter-output>
        </test-method> <!-- setUpClass -->
        <test-method status="PASS" signature="runScenario(io.cucumber.testng.PickleWrapper,io.cucumber.testng.FeatureWrapper)[pri:0, instance:com.bddcucumberframework.runner.TestNGtestRunner@6ee52dcd]" name="runScenario" duration-ms="20547" started-at="2022-03-06T13:52:45 EET" description="Runs Cucumber Scenarios" data-provider="scenarios" finished-at="2022-03-06T13:53:06 EET">
          <params>
            <param index="0">
              <value>
                <![CDATA["Place order and apply button are avaliable on checkout section"]]>
              </value>
            </param>
            <param index="1">
              <value>
                <![CDATA["Optional[Verify checkout section for place an order]"]]>
              </value>
            </param>
          </params>
          <reporter-output>
          </reporter-output>
        </test-method> <!-- runScenario -->
        <test-method status="PASS" signature="tearDownClass()[pri:0, instance:com.bddcucumberframework.runner.TestNGtestRunner@6ee52dcd]" name="tearDownClass" is-config="true" duration-ms="576" started-at="2022-03-06T13:53:06 EET" finished-at="2022-03-06T13:53:07 EET">
          <reporter-output>
          </reporter-output>
        </test-method> <!-- tearDownClass -->
      </class> <!-- com.bddcucumberframework.runner.TestNGtestRunner -->
    </test> <!-- Surefire test -->
  </suite> <!-- Surefire suite -->
</testng-results>
